# JRE version: Java(TM) SE Runtime Environment (11.0.5+10) (build 11.0.5+10-LTS)
# Java VM: Java HotSpot(TM) 64-Bit Server VM (11.0.5+10-LTS, mixed mode, tiered, compressed oops, g1 gc, windows-amd64)
Heap:
 garbage-first heap   total 262144K, used 26772K [0x0000000701c00000, 0x0000000800000000)
  region size 1024K, 12 young (12288K), 12 survivors (12288K)
 Metaspace       used 68950K, capacity 70404K, committed 70480K, reserved 1118208K
  class space    used 8819K, capacity 9427K, committed 9472K, reserved 1048576K
GC Heap History (10 events):
Event: 16.797 GC heap before
{Heap before GC invocations=8 (full 0):
 garbage-first heap   total 262144K, used 45816K [0x0000000701c00000, 0x0000000800000000)
  region size 1024K, 38 young (38912K), 8 survivors (8192K)
 Metaspace       used 34645K, capacity 35733K, committed 35888K, reserved 1081344K
  class space    used 3953K, capacity 4378K, committed 4480K, reserved 1048576K
}
Event: 16.815 GC heap after
{Heap after GC invocations=9 (full 0):
 garbage-first heap   total 262144K, used 16645K [0x0000000701c00000, 0x0000000800000000)
  region size 1024K, 9 young (9216K), 9 survivors (9216K)
 Metaspace       used 34645K, capacity 35733K, committed 35888K, reserved 1081344K
  class space    used 3953K, capacity 4378K, committed 4480K, reserved 1048576K
}
Event: 22.210 GC heap before
{Heap before GC invocations=10 (full 0):
 garbage-first heap   total 262144K, used 163077K [0x0000000701c00000, 0x0000000800000000)
  region size 1024K, 152 young (155648K), 9 survivors (9216K)
 Metaspace       used 43630K, capacity 44870K, committed 45104K, reserved 1089536K
  class space    used 5260K, capacity 5760K, committed 5760K, reserved 1048576K
}
Event: 22.232 GC heap after
{Heap after GC invocations=11 (full 0):
 garbage-first heap   total 262144K, used 19758K [0x0000000701c00000, 0x0000000800000000)
  region size 1024K, 12 young (12288K), 12 survivors (12288K)
 Metaspace       used 43630K, capacity 44870K, committed 45104K, reserved 1089536K
  class space    used 5260K, capacity 5760K, committed 5760K, reserved 1048576K
}
Event: 27.106 GC heap before
{Heap before GC invocations=11 (full 0):
 garbage-first heap   total 262144K, used 164142K [0x0000000701c00000, 0x0000000800000000)
  region size 1024K, 153 young (156672K), 12 survivors (12288K)
 Metaspace       used 53042K, capacity 54459K, committed 54704K, reserved 1097728K
  class space    used 6729K, capacity 7315K, committed 7424K, reserved 1048576K
}
Event: 27.127 GC heap after
{Heap after GC invocations=12 (full 0):
 garbage-first heap   total 262144K, used 22947K [0x0000000701c00000, 0x0000000800000000)
  region size 1024K, 14 young (14336K), 14 survivors (14336K)
 Metaspace       used 53042K, capacity 54459K, committed 54704K, reserved 1097728K
  class space    used 6729K, capacity 7315K, committed 7424K, reserved 1048576K
}
Event: 29.198 GC heap before
{Heap before GC invocations=12 (full 0):
 garbage-first heap   total 262144K, used 91555K [0x0000000701c00000, 0x0000000800000000)
  region size 1024K, 83 young (84992K), 14 survivors (14336K)
 Metaspace       used 58720K, capacity 60165K, committed 60240K, reserved 1101824K
  class space    used 7335K, capacity 7913K, committed 7936K, reserved 1048576K
}
Event: 29.234 GC heap after
{Heap after GC invocations=13 (full 0):
 garbage-first heap   total 262144K, used 24817K [0x0000000701c00000, 0x0000000800000000)
  region size 1024K, 12 young (12288K), 12 survivors (12288K)
 Metaspace       used 58720K, capacity 60165K, committed 60240K, reserved 1101824K
  class space    used 7335K, capacity 7913K, committed 7936K, reserved 1048576K
}
Event: 98.966 GC heap before
{Heap before GC invocations=14 (full 0):
 garbage-first heap   total 262144K, used 162033K [0x0000000701c00000, 0x0000000800000000)
  region size 1024K, 147 young (150528K), 12 survivors (12288K)
 Metaspace       used 68950K, capacity 70404K, committed 70480K, reserved 1116160K
  class space    used 8819K, capacity 9427K, committed 9472K, reserved 1048576K
}
Event: 98.987 GC heap after
{Heap after GC invocations=15 (full 0):
 garbage-first heap   total 262144K, used 26772K [0x0000000701c00000, 0x0000000800000000)
  region size 1024K, 12 young (12288K), 12 survivors (12288K)
 Metaspace       used 68950K, capacity 70404K, committed 70480K, reserved 1116160K
  class space    used 8819K, capacity 9427K, committed 9472K, reserved 1048576K
}

